#
# There is insufficient memory for the Java Runtime Environment to continue.
# Native memory allocation (malloc) failed to allocate 32744 bytes for ChunkPool::allocate
# Possible reasons:
#   The system is out of physical RAM or swap space
#   The process is running with CompressedOops enabled, and the Java Heap may be blocking the growth of the native heap
# Possible solutions:
#   Reduce memory load on the system
#   Increase physical memory or swap space
#   Check if swap backing store is full
#   Decrease Java heap size (-Xmx/-Xms)
#   Decrease number of Java threads
#   Decrease Java thread stack sizes (-Xss)
#   Set larger code cache with -XX:ReservedCodeCacheSize=
#   JVM is running with Unscaled Compressed Oops mode in which the Java heap is
#     placed in the first 4GB address space. The Java Heap base address is the
#     maximum limit for the native heap growth. Please use -XX:HeapBaseMinAddress
#     to set the Java Heap base and to place the Java Heap above 4GB virtual address.
# This output file may be truncated or incomplete.
#
#  Out of Memory Error (arena.cpp:78), pid=12684, tid=3312
#
# JRE version: Java(TM) SE Runtime Environment (17.0.5+9) (build 17.0.5+9-LTS-191)
# Java VM: Java HotSpot(TM) 64-Bit Server VM (17.0.5+9-LTS-191, mixed mode, sharing, tiered, compressed oops, compressed class ptrs, g1 gc, windows-amd64)
# No core dump will be written. Minidumps are not enabled by default on client versions of Windows
#

---------------  S U M M A R Y ------------

Command Line: -Dfile.encoding=UTF-8 --module-path=D:\NetBeansProjects\Student_Mangement_System\build\classes Main_Gui.Home

Host: Intel(R) Core(TM) i3-7100U CPU @ 2.40GHz, 4 cores, 3G,  Windows 11 , 64 bit Build 22621 (10.0.22621.1635)
Time: Wed May 31 12:40:13 2023 Sri Lanka Standard Time elapsed time: 15.668034 seconds (0d 0h 0m 15s)

---------------  T H R E A D  ---------------

Current thread (0x000002147f14f080):  JavaThread "C2 CompilerThread0" daemon [_thread_in_native, id=3312, stack(0x000000d302100000,0x000000d302200000)]


Current CompileTask:
C2:  15668 2239       4       javax.swing.plaf.nimbus.NimbusStyle::validate (1150 bytes)

Stack: [0x000000d302100000,0x000000d302200000]
Native frames: (J=compiled Java code, j=interpreted, Vv=VM code, C=native code)
V  [jvm.dll+0x672eea]
V  [jvm.dll+0x7d2a04]
V  [jvm.dll+0x7d41ae]
V  [jvm.dll+0x7d4813]
V  [jvm.dll+0x242c15]
V  [jvm.dll+0xaa7c0]
V  [jvm.dll+0xaab0c]
V  [jvm.dll+0x6c685d]
V  [jvm.dll+0x6c6798]
V  [jvm.dll+0x6505f0]
V  [jvm.dll+0x33bee0]
V  [jvm.dll+0x680e5b]
V  [jvm.dll+0x680534]
V  [jvm.dll+0x1a4b0c]
V  [jvm.dll+0x1a56d6]
V  [jvm.dll+0x2a8b94]
V  [jvm.dll+0x68b395]
V  [jvm.dll+0x68334b]
V  [jvm.dll+0x682987]
V  [jvm.dll+0x680882]
V  [jvm.dll+0x1a4b0c]
V  [jvm.dll+0x214ca8]
V  [jvm.dll+0x1a18ed]
V  [jvm.dll+0x22493a]
V  [jvm.dll+0x222aa5]
V  [jvm.dll+0x7885db]
V  [jvm.dll+0x782b4a]
V  [jvm.dll+0x671d75]
C  [ucrtbase.dll+0x29363]
C  [KERNEL32.DLL+0x126ad]
C  [ntdll.dll+0x5a9f8]


---------------  P R O C E S S  ---------------

Threads class SMR info:
_java_thread_list=0x0000021400cddbe0, length=17, elements={
0x00000214640272c0, 0x0000021464029e80, 0x00000214640383b0, 0x000002146403af70,
0x000002146403e940, 0x000002147f14e3a0, 0x000002147f14f080, 0x000002147f14fb20,
0x000002147f1bd330, 0x000002147f220880, 0x000002147fc96df0, 0x000002147fe5b130,
0x000002147fe5b600, 0x000002147fe5bad0, 0x000002147feedc70, 0x0000021463f67e50,
0x0000021400b05ba0
}

Java Threads: ( => current thread )
  0x00000214640272c0 JavaThread "Reference Handler" daemon [_thread_blocked, id=9092, stack(0x000000d301b00000,0x000000d301c00000)]
  0x0000021464029e80 JavaThread "Finalizer" daemon [_thread_blocked, id=1072, stack(0x000000d301c00000,0x000000d301d00000)]
  0x00000214640383b0 JavaThread "Signal Dispatcher" daemon [_thread_blocked, id=22984, stack(0x000000d301d00000,0x000000d301e00000)]
  0x000002146403af70 JavaThread "Attach Listener" daemon [_thread_blocked, id=11896, stack(0x000000d301e00000,0x000000d301f00000)]
  0x000002146403e940 JavaThread "Service Thread" daemon [_thread_blocked, id=8816, stack(0x000000d301f00000,0x000000d302000000)]
  0x000002147f14e3a0 JavaThread "Monitor Deflation Thread" daemon [_thread_blocked, id=252, stack(0x000000d302000000,0x000000d302100000)]
=>0x000002147f14f080 JavaThread "C2 CompilerThread0" daemon [_thread_in_native, id=3312, stack(0x000000d302100000,0x000000d302200000)]
  0x000002147f14fb20 JavaThread "C1 CompilerThread0" daemon [_thread_blocked, id=22648, stack(0x000000d302200000,0x000000d302300000)]
  0x000002147f1bd330 JavaThread "Sweeper thread" daemon [_thread_blocked, id=1924, stack(0x000000d302300000,0x000000d302400000)]
  0x000002147f220880 JavaThread "Common-Cleaner" daemon [_thread_blocked, id=13004, stack(0x000000d302400000,0x000000d302500000)]
  0x000002147fc96df0 JavaThread "Notification Thread" daemon [_thread_blocked, id=22204, stack(0x000000d302500000,0x000000d302600000)]
  0x000002147fe5b130 JavaThread "Java2D Disposer" daemon [_thread_blocked, id=23324, stack(0x000000d302700000,0x000000d302800000)]
  0x000002147fe5b600 JavaThread "AWT-Shutdown" [_thread_blocked, id=3492, stack(0x000000d302800000,0x000000d302900000)]
  0x000002147fe5bad0 JavaThread "AWT-Windows" daemon [_thread_in_native, id=9420, stack(0x000000d302900000,0x000000d302a00000)]
  0x000002147feedc70 JavaThread "AWT-EventQueue-0" [_thread_in_vm, id=9888, stack(0x000000d302a00000,0x000000d302b00000)]
  0x0000021463f67e50 JavaThread "DestroyJavaVM" [_thread_blocked, id=20004, stack(0x000000d301400000,0x000000d301500000)]
  0x0000021400b05ba0 JavaThread "TimerQueue" daemon [_thread_blocked, id=20188, stack(0x000000d302d00000,0x000000d302e00000)]

Other Threads:
  0x0000021464023090 VMThread "VM Thread" [stack: 0x000000d301a00000,0x000000d301b00000] [id=11940]
  0x000002147fc3b700 WatcherThread [stack: 0x000000d302600000,0x000000d302700000] [id=2512]
  0x0000021463fa4350 GCTaskThread "GC Thread#0" [stack: 0x000000d301500000,0x000000d301600000] [id=16208]
  0x0000021400c5bbb0 GCTaskThread "GC Thread#1" [stack: 0x000000d303100000,0x000000d303200000] [id=18596]
  0x0000021400cd1130 GCTaskThread "GC Thread#2" [stack: 0x000000d303200000,0x000000d303300000] [id=18440]
  0x0000021400cd13e0 GCTaskThread "GC Thread#3" [stack: 0x000000d303300000,0x000000d303400000] [id=17468]
  0x0000021463faced0 ConcurrentGCThread "G1 Main Marker" [stack: 0x000000d301600000,0x000000d301700000] [id=17508]
  0x0000021463fad8e0 ConcurrentGCThread "G1 Conc#0" [stack: 0x000000d301700000,0x000000d301800000] [id=9852]
  0x0000021463ffacb0 ConcurrentGCThread "G1 Refine#0" [stack: 0x000000d301800000,0x000000d301900000] [id=10604]
  0x0000021400cca150 ConcurrentGCThread "G1 Refine#1" [stack: 0x000000d303400000,0x000000d303500000] [id=2232]
  0x0000021463ffc6e0 ConcurrentGCThread "G1 Service" [stack: 0x000000d301900000,0x000000d301a00000] [id=4436]

Threads with active compile tasks:
C2 CompilerThread0    15745 2239       4       javax.swing.plaf.nimbus.NimbusStyle::validate (1150 bytes)

VM state: not at safepoint (normal execution)

VM Mutex/Monitor currently owned by a thread: None

Heap address: 0x00000000c1e00000, size: 994 MB, Compressed Oops mode: 32-bit

CDS archive(s) mapped at: [0x0000000800000000-0x0000000800bd0000-0x0000000800bd0000), size 12386304, SharedBaseAddress: 0x0000000800000000, ArchiveRelocationMode: 0.
Compressed class space mapped at: 0x0000000800c00000-0x0000000840c00000, reserved size: 1073741824
Narrow klass base: 0x0000000800000000, Narrow klass shift: 0, Narrow klass range: 0x100000000

GC Precious Log:
 CPUs: 4 total, 4 available
 Memory: 3973M
 Large Page Support: Disabled
 NUMA Support: Disabled
 Compressed Oops: Enabled (32-bit)
 Heap Region Size: 1M
 Heap Min Capacity: 8M
 Heap Initial Capacity: 64M
 Heap Max Capacity: 994M
 Pre-touch: Disabled
 Parallel Workers: 4
 Concurrent Workers: 1
 Concurrent Refinement Workers: 4
 Periodic GC: Disabled

Heap:
 garbage-first heap   total 65536K, used 10586K [0x00000000c1e00000, 0x0000000100000000)
  region size 1024K, 4 young (4096K), 1 survivors (1024K)
 Metaspace       used 12131K, committed 12352K, reserved 1064960K
  class space    used 1337K, committed 1472K, reserved 1048576K

Heap Regions: E=young(eden), S=young(survivor), O=old, HS=humongous(starts), HC=humongous(continues), CS=collection set, F=free, OA=open archive, CA=closed archive, TAMS=top-at-mark-start (previous, next)
|   0|0x00000000c1e00000, 0x00000000c1f00000, 0x00000000c1f00000|100%|HS|  |TAMS 0x00000000c1e00000, 0x00000000c1e00000| Complete 
|   1|0x00000000c1f00000, 0x00000000c2000000, 0x00000000c2000000|100%|HC|  |TAMS 0x00000000c1f00000, 0x00000000c1f00000| Complete 
|   2|0x00000000c2000000, 0x00000000c2100000, 0x00000000c2100000|100%|HC|  |TAMS 0x00000000c2000000, 0x00000000c2000000| Complete 
|   3|0x00000000c2100000, 0x00000000c2200000, 0x00000000c2200000|100%| O|  |TAMS 0x00000000c2100000, 0x00000000c2100000| Untracked 
|   4|0x00000000c2200000, 0x00000000c2300000, 0x00000000c2300000|100%| O|  |TAMS 0x00000000c2200000, 0x00000000c2200000| Untracked 
|   5|0x00000000c2300000, 0x00000000c2400000, 0x00000000c2400000|100%| O|  |TAMS 0x00000000c2300000, 0x00000000c2300000| Untracked 
|   6|0x00000000c2400000, 0x00000000c2500000, 0x00000000c2500000|100%| O|  |TAMS 0x00000000c2400000, 0x00000000c2400000| Untracked 
|   7|0x00000000c2500000, 0x00000000c25ea800, 0x00000000c2600000| 91%| O|  |TAMS 0x00000000c2500000, 0x00000000c2500000| Untracked 
|   8|0x00000000c2600000, 0x00000000c2600000, 0x00000000c2700000|  0%| F|  |TAMS 0x00000000c2600000, 0x00000000c2600000| Untracked 
|   9|0x00000000c2700000, 0x00000000c2700000, 0x00000000c2800000|  0%| F|  |TAMS 0x00000000c2700000, 0x00000000c2700000| Untracked 
|  10|0x00000000c2800000, 0x00000000c2800000, 0x00000000c2900000|  0%| F|  |TAMS 0x00000000c2800000, 0x00000000c2800000| Untracked 
|  11|0x00000000c2900000, 0x00000000c2900000, 0x00000000c2a00000|  0%| F|  |TAMS 0x00000000c2900000, 0x00000000c2900000| Untracked 
|  12|0x00000000c2a00000, 0x00000000c2a00000, 0x00000000c2b00000|  0%| F|  |TAMS 0x00000000c2a00000, 0x00000000c2a00000| Untracked 
|  13|0x00000000c2b00000, 0x00000000c2b00000, 0x00000000c2c00000|  0%| F|  |TAMS 0x00000000c2b00000, 0x00000000c2b00000| Untracked 
|  14|0x00000000c2c00000, 0x00000000c2c00000, 0x00000000c2d00000|  0%| F|  |TAMS 0x00000000c2c00000, 0x00000000c2c00000| Untracked 
|  15|0x00000000c2d00000, 0x00000000c2d00000, 0x00000000c2e00000|  0%| F|  |TAMS 0x00000000c2d00000, 0x00000000c2d00000| Untracked 
|  16|0x00000000c2e00000, 0x00000000c2e00000, 0x00000000c2f00000|  0%| F|  |TAMS 0x00000000c2e00000, 0x00000000c2e00000| Untracked 
|  17|0x00000000c2f00000, 0x00000000c2f00000, 0x00000000c3000000|  0%| F|  |TAMS 0x00000000c2f00000, 0x00000000c2f00000| Untracked 
|  18|0x00000000c3000000, 0x00000000c3000000, 0x00000000c3100000|  0%| F|  |TAMS 0x00000000c3000000, 0x00000000c3000000| Untracked 
|  19|0x00000000c3100000, 0x00000000c3100000, 0x00000000c3200000|  0%| F|  |TAMS 0x00000000c3100000, 0x00000000c3100000| Untracked 
|  20|0x00000000c3200000, 0x00000000c3200000, 0x00000000c3300000|  0%| F|  |TAMS 0x00000000c3200000, 0x00000000c3200000| Untracked 
|  21|0x00000000c3300000, 0x00000000c3300000, 0x00000000c3400000|  0%| F|  |TAMS 0x00000000c3300000, 0x00000000c3300000| Untracked 
|  22|0x00000000c3400000, 0x00000000c3400000, 0x00000000c3500000|  0%| F|  |TAMS 0x00000000c3400000, 0x00000000c3400000| Untracked 
|  23|0x00000000c3500000, 0x00000000c3500000, 0x00000000c3600000|  0%| F|  |TAMS 0x00000000c3500000, 0x00000000c3500000| Untracked 
|  24|0x00000000c3600000, 0x00000000c3600000, 0x00000000c3700000|  0%| F|  |TAMS 0x00000000c3600000, 0x00000000c3600000| Untracked 
|  25|0x00000000c3700000, 0x00000000c3700000, 0x00000000c3800000|  0%| F|  |TAMS 0x00000000c3700000, 0x00000000c3700000| Untracked 
|  26|0x00000000c3800000, 0x00000000c3800000, 0x00000000c3900000|  0%| F|  |TAMS 0x00000000c3800000, 0x00000000c3800000| Untracked 
|  27|0x00000000c3900000, 0x00000000c3900000, 0x00000000c3a00000|  0%| F|  |TAMS 0x00000000c3900000, 0x00000000c3900000| Untracked 
|  28|0x00000000c3a00000, 0x00000000c3a00000, 0x00000000c3b00000|  0%| F|  |TAMS 0x00000000c3a00000, 0x00000000c3a00000| Untracked 
|  29|0x00000000c3b00000, 0x00000000c3b00000, 0x00000000c3c00000|  0%| F|  |TAMS 0x00000000c3b00000, 0x00000000c3b00000| Untracked 
|  30|0x00000000c3c00000, 0x00000000c3c00000, 0x00000000c3d00000|  0%| F|  |TAMS 0x00000000c3c00000, 0x00000000c3c00000| Untracked 
|  31|0x00000000c3d00000, 0x00000000c3d00000, 0x00000000c3e00000|  0%| F|  |TAMS 0x00000000c3d00000, 0x00000000c3d00000| Untracked 
|  32|0x00000000c3e00000, 0x00000000c3e00000, 0x00000000c3f00000|  0%| F|  |TAMS 0x00000000c3e00000, 0x00000000c3e00000| Untracked 
|  33|0x00000000c3f00000, 0x00000000c3f00000, 0x00000000c4000000|  0%| F|  |TAMS 0x00000000c3f00000, 0x00000000c3f00000| Untracked 
|  34|0x00000000c4000000, 0x00000000c4000000, 0x00000000c4100000|  0%| F|  |TAMS 0x00000000c4000000, 0x00000000c4000000| Untracked 
|  35|0x00000000c4100000, 0x00000000c4100000, 0x00000000c4200000|  0%| F|  |TAMS 0x00000000c4100000, 0x00000000c4100000| Untracked 
|  36|0x00000000c4200000, 0x00000000c4200000, 0x00000000c4300000|  0%| F|  |TAMS 0x00000000c4200000, 0x00000000c4200000| Untracked 
|  37|0x00000000c4300000, 0x00000000c4300000, 0x00000000c4400000|  0%| F|  |TAMS 0x00000000c4300000, 0x00000000c4300000| Untracked 
|  38|0x00000000c4400000, 0x00000000c4400000, 0x00000000c4500000|  0%| F|  |TAMS 0x00000000c4400000, 0x00000000c4400000| Untracked 
|  39|0x00000000c4500000, 0x00000000c4500000, 0x00000000c4600000|  0%| F|  |TAMS 0x00000000c4500000, 0x00000000c4500000| Untracked 
|  40|0x00000000c4600000, 0x00000000c4600000, 0x00000000c4700000|  0%| F|  |TAMS 0x00000000c4600000, 0x00000000c4600000| Untracked 
|  41|0x00000000c4700000, 0x00000000c4700000, 0x00000000c4800000|  0%| F|  |TAMS 0x00000000c4700000, 0x00000000c4700000| Untracked 
|  42|0x00000000c4800000, 0x00000000c4800000, 0x00000000c4900000|  0%| F|  |TAMS 0x00000000c4800000, 0x00000000c4800000| Untracked 
|  43|0x00000000c4900000, 0x00000000c4900000, 0x00000000c4a00000|  0%| F|  |TAMS 0x00000000c4900000, 0x00000000c4900000| Untracked 
|  44|0x00000000c4a00000, 0x00000000c4a00000, 0x00000000c4b00000|  0%| F|  |TAMS 0x00000000c4a00000, 0x00000000c4a00000| Untracked 
|  45|0x00000000c4b00000, 0x00000000c4b00000, 0x00000000c4c00000|  0%| F|  |TAMS 0x00000000c4b00000, 0x00000000c4b00000| Untracked 
|  46|0x00000000c4c00000, 0x00000000c4c00000, 0x00000000c4d00000|  0%| F|  |TAMS 0x00000000c4c00000, 0x00000000c4c00000| Untracked 
|  47|0x00000000c4d00000, 0x00000000c4d00000, 0x00000000c4e00000|  0%| F|  |TAMS 0x00000000c4d00000, 0x00000000c4d00000| Untracked 
|  48|0x00000000c4e00000, 0x00000000c4e00000, 0x00000000c4f00000|  0%| F|  |TAMS 0x00000000c4e00000, 0x00000000c4e00000| Untracked 
|  49|0x00000000c4f00000, 0x00000000c4f00000, 0x00000000c5000000|  0%| F|  |TAMS 0x00000000c4f00000, 0x00000000c4f00000| Untracked 
|  50|0x00000000c5000000, 0x00000000c5000000, 0x00000000c5100000|  0%| F|  |TAMS 0x00000000c5000000, 0x00000000c5000000| Untracked 
|  51|0x00000000c5100000, 0x00000000c5100000, 0x00000000c5200000|  0%| F|  |TAMS 0x00000000c5100000, 0x00000000c5100000| Untracked 
|  52|0x00000000c5200000, 0x00000000c5200000, 0x00000000c5300000|  0%| F|  |TAMS 0x00000000c5200000, 0x00000000c5200000| Untracked 
|  53|0x00000000c5300000, 0x00000000c5300000, 0x00000000c5400000|  0%| F|  |TAMS 0x00000000c5300000, 0x00000000c5300000| Untracked 
|  54|0x00000000c5400000, 0x00000000c5400000, 0x00000000c5500000|  0%| F|  |TAMS 0x00000000c5400000, 0x00000000c5400000| Untracked 
|  55|0x00000000c5500000, 0x00000000c5500000, 0x00000000c5600000|  0%| F|  |TAMS 0x00000000c5500000, 0x00000000c5500000| Untracked 
|  56|0x00000000c5600000, 0x00000000c5600000, 0x00000000c5700000|  0%| F|  |TAMS 0x00000000c5600000, 0x00000000c5600000| Untracked 
|  57|0x00000000c5700000, 0x00000000c5700000, 0x00000000c5800000|  0%| F|  |TAMS 0x00000000c5700000, 0x00000000c5700000| Untracked 
|  58|0x00000000c5800000, 0x00000000c5800000, 0x00000000c5900000|  0%| F|  |TAMS 0x00000000c5800000, 0x00000000c5800000| Untracked 
|  59|0x00000000c5900000, 0x00000000c5900000, 0x00000000c5a00000|  0%| F|  |TAMS 0x00000000c5900000, 0x00000000c5900000| Untracked 
|  60|0x00000000c5a00000, 0x00000000c5a6c120, 0x00000000c5b00000| 42%| S|CS|TAMS 0x00000000c5a00000, 0x00000000c5a00000| Complete 
|  61|0x00000000c5b00000, 0x00000000c5c00000, 0x00000000c5c00000|100%| E|  |TAMS 0x00000000c5b00000, 0x00000000c5b00000| Complete 
|  62|0x00000000c5c00000, 0x00000000c5d00000, 0x00000000c5d00000|100%| E|CS|TAMS 0x00000000c5c00000, 0x00000000c5c00000| Complete 
|  63|0x00000000c5d00000, 0x00000000c5e00000, 0x00000000c5e00000|100%| E|CS|TAMS 0x00000000c5d00000, 0x00000000c5d00000| Complete 

Card table byte_map: [0x000002147a9e0000,0x000002147abe0000] _byte_map_base: 0x000002147a3d1000

Marking Bits (Prev, Next): (CMBitMap*) 0x0000021463fa4960, (CMBitMap*) 0x0000021463fa49a0
 Prev Bits: [0x000002147ade0000, 0x000002147bd68000)
 Next Bits: [0x000002147bd70000, 0x000002147ccf8000)

Polling page: 0x0000021463740000

Metaspace:

Usage:
  Non-class:     10.54 MB used.
      Class:      1.31 MB used.
       Both:     11.85 MB used.

Virtual space:
  Non-class space:       16.00 MB reserved,      10.62 MB ( 66%) committed,  2 nodes.
      Class space:        1.00 GB reserved,       1.44 MB ( <1%) committed,  1 nodes.
             Both:        1.02 GB reserved,      12.06 MB (  1%) committed. 

Chunk freelists:
   Non-Class:  1.00 MB
       Class:  2.61 MB
        Both:  3.61 MB

MaxMetaspaceSize: unlimited
CompressedClassSpaceSize: 1.00 GB
Initial GC threshold: 21.00 MB
Current GC threshold: 21.00 MB
CDS: on
MetaspaceReclaimPolicy: balanced
 - commit_granule_bytes: 65536.
 - commit_granule_words: 8192.
 - virtual_space_node_default_size: 1048576.
 - enlarge_chunks_in_place: 1.
 - new_chunks_are_fully_committed: 0.
 - uncommit_free_chunks: 1.
 - use_allocation_guard: 0.
 - handle_deallocations: 1.


Internal statistics:

num_allocs_failed_limit: 0.
num_arena_births: 124.
num_arena_deaths: 0.
num_vsnodes_births: 3.
num_vsnodes_deaths: 0.
num_space_committed: 193.
num_space_uncommitted: 0.
num_chunks_returned_to_freelist: 0.
num_chunks_taken_from_freelist: 185.
num_chunk_merges: 0.
num_chunk_splits: 97.
num_chunks_enlarged: 36.
num_purges: 0.
num_inconsistent_stats: 0.

CodeHeap 'non-profiled nmethods': size=120000Kb used=736Kb max_used=736Kb free=119263Kb
 bounds [0x00000214732b0000, 0x0000021473520000, 0x000002147a7e0000]
CodeHeap 'profiled nmethods': size=120000Kb used=4365Kb max_used=4365Kb free=115634Kb
 bounds [0x000002146bd80000, 0x000002146c1d0000, 0x00000214732b0000]
CodeHeap 'non-nmethods': size=5760Kb used=1320Kb max_used=1360Kb free=4439Kb
 bounds [0x000002146b7e0000, 0x000002146ba50000, 0x000002146bd80000]
 total_blobs=2896 nmethods=2235 adapters=572
 compilation: enabled
              stopped_count=0, restarted_count=0
 full_count=0

Compilation events (20 events):
Event: 15.525 Thread 0x000002147f14fb20 2230   !   3       sun.java2d.pipe.AAShapePipe::renderPath (118 bytes)
Event: 15.527 Thread 0x000002147f14fb20 nmethod 2230 0x000002146c1bb310 code [0x000002146c1bb580, 0x000002146c1bbfb8]
Event: 15.527 Thread 0x000002147f14fb20 2235       3       java.util.HashMap::resize (356 bytes)
Event: 15.528 Thread 0x000002147f14fb20 nmethod 2235 0x000002146c1bc490 code [0x000002146c1bc740, 0x000002146c1bdba8]
Event: 15.528 Thread 0x000002147f14fb20 2231   !   3       sun.java2d.marlin.DMarlinRenderingEngine::getAATileGenerator (382 bytes)
Event: 15.529 Thread 0x000002147f14f080 nmethod 2227 0x0000021473367890 code [0x0000021473367a20, 0x0000021473367c08]
Event: 15.530 Thread 0x000002147f14f080 2232       4       sun.java2d.marlin.Renderer::tosubpixx (6 bytes)
Event: 15.530 Thread 0x000002147f14f080 nmethod 2232 0x0000021473367d90 code [0x0000021473367f20, 0x0000021473367f78]
Event: 15.530 Thread 0x000002147f14f080 2233       4       sun.java2d.marlin.Renderer::tosubpixy (10 bytes)
Event: 15.530 Thread 0x000002147f14f080 nmethod 2233 0x0000021473368090 code [0x0000021473368220, 0x0000021473368298]
Event: 15.532 Thread 0x000002147f14fb20 nmethod 2231 0x000002146c1be010 code [0x000002146c1be400, 0x000002146c1bfcb8]
Event: 15.532 Thread 0x000002147f14fb20 2237       3       javax.swing.plaf.nimbus.NimbusStyle::getBackgroundPainter (158 bytes)
Event: 15.533 Thread 0x000002147f14fb20 nmethod 2237 0x000002146c1c0b10 code [0x000002146c1c0da0, 0x000002146c1c1b98]
Event: 15.533 Thread 0x000002147f14fb20 2236       3       javax.swing.plaf.nimbus.SynthPainterImpl::paintBackground (68 bytes)
Event: 15.534 Thread 0x000002147f14fb20 nmethod 2236 0x000002146c1c2090 code [0x000002146c1c2280, 0x000002146c1c29d8]
Event: 15.534 Thread 0x000002147f14fb20 2238   !   3       sun.awt.AppContext::remove (49 bytes)
Event: 15.534 Thread 0x000002147f14fb20 nmethod 2238 0x000002146c1c2c10 code [0x000002146c1c2dc0, 0x000002146c1c3128]
Event: 15.534 Thread 0x000002147f14fb20 2234       3       sun.java2d.pipe.AAShapePipe::fill (8 bytes)
Event: 15.535 Thread 0x000002147f14fb20 nmethod 2234 0x000002146c1c3310 code [0x000002146c1c34c0, 0x000002146c1c3608]
Event: 15.536 Thread 0x000002147f14f080 2239       4       javax.swing.plaf.nimbus.NimbusStyle::validate (1150 bytes)

GC Heap History (4 events):
Event: 4.016 GC heap before
{Heap before GC invocations=0 (full 0):
 garbage-first heap   total 65536K, used 16384K [0x00000000c1e00000, 0x0000000100000000)
  region size 1024K, 13 young (13312K), 0 survivors (0K)
 Metaspace       used 11355K, committed 11584K, reserved 1064960K
  class space    used 1289K, committed 1408K, reserved 1048576K
}
Event: 4.029 GC heap after
{Heap after GC invocations=1 (full 0):
 garbage-first heap   total 65536K, used 7889K [0x00000000c1e00000, 0x0000000100000000)
  region size 1024K, 2 young (2048K), 2 survivors (2048K)
 Metaspace       used 11355K, committed 11584K, reserved 1064960K
  class space    used 1289K, committed 1408K, reserved 1048576K
}
Event: 10.067 GC heap before
{Heap before GC invocations=1 (full 0):
 garbage-first heap   total 65536K, used 10961K [0x00000000c1e00000, 0x0000000100000000)
  region size 1024K, 5 young (5120K), 2 survivors (2048K)
 Metaspace       used 11818K, committed 12032K, reserved 1064960K
  class space    used 1333K, committed 1472K, reserved 1048576K
}
Event: 10.074 GC heap after
{Heap after GC invocations=2 (full 0):
 garbage-first heap   total 65536K, used 8538K [0x00000000c1e00000, 0x0000000100000000)
  region size 1024K, 1 young (1024K), 1 survivors (1024K)
 Metaspace       used 11818K, committed 12032K, reserved 1064960K
  class space    used 1333K, committed 1472K, reserved 1048576K
}

Deoptimization events (20 events):
Event: 10.037 Thread 0x000002147feedc70 DEOPT PACKING pc=0x0000021473318b84 sp=0x000000d302afc890
Event: 10.037 Thread 0x000002147feedc70 DEOPT UNPACKING pc=0x000002146b8323a3 sp=0x000000d302afc808 mode 2
Event: 10.038 Thread 0x000002147feedc70 DEOPT PACKING pc=0x000002146c083cf3 sp=0x000000d302afc880
Event: 10.038 Thread 0x000002147feedc70 DEOPT UNPACKING pc=0x000002146b832b43 sp=0x000000d302afbc60 mode 0
Event: 10.077 Thread 0x000002147feedc70 DEOPT PACKING pc=0x000002146c0f5392 sp=0x000000d302afc970
Event: 10.077 Thread 0x000002147feedc70 DEOPT UNPACKING pc=0x000002146b832b43 sp=0x000000d302afbde8 mode 0
Event: 10.328 Thread 0x000002147feedc70 DEOPT PACKING pc=0x000002146c083cf3 sp=0x000000d302afcae0
Event: 10.328 Thread 0x000002147feedc70 DEOPT UNPACKING pc=0x000002146b832b43 sp=0x000000d302afbec0 mode 0
Event: 11.520 Thread 0x000002147feedc70 DEOPT PACKING pc=0x000002146c0a6d45 sp=0x000000d302afd410
Event: 11.520 Thread 0x000002147feedc70 DEOPT UNPACKING pc=0x000002146b832b43 sp=0x000000d302afc850 mode 0
Event: 11.848 Thread 0x000002147feedc70 Uncommon trap: trap_request=0xffffffde fr.pc=0x00000214732c9aa8 relative=0x00000000000001a8
Event: 11.848 Thread 0x000002147feedc70 Uncommon trap: reason=class_check action=maybe_recompile pc=0x00000214732c9aa8 method=java.lang.String.equals(Ljava/lang/Object;)Z @ 8 c2
Event: 11.848 Thread 0x000002147feedc70 DEOPT PACKING pc=0x00000214732c9aa8 sp=0x000000d302afdf80
Event: 11.848 Thread 0x000002147feedc70 DEOPT UNPACKING pc=0x000002146b8323a3 sp=0x000000d302afdf18 mode 2
Event: 11.848 Thread 0x000002147feedc70 Uncommon trap: trap_request=0xffffffde fr.pc=0x00000214732c9aa8 relative=0x00000000000001a8
Event: 11.848 Thread 0x000002147feedc70 Uncommon trap: reason=class_check action=maybe_recompile pc=0x00000214732c9aa8 method=java.lang.String.equals(Ljava/lang/Object;)Z @ 8 c2
Event: 11.848 Thread 0x000002147feedc70 DEOPT PACKING pc=0x00000214732c9aa8 sp=0x000000d302afdf80
Event: 11.848 Thread 0x000002147feedc70 DEOPT UNPACKING pc=0x000002146b8323a3 sp=0x000000d302afdf18 mode 2
Event: 11.857 Thread 0x000002147feedc70 DEOPT PACKING pc=0x000002146c044b8d sp=0x000000d302afcbc0
Event: 11.857 Thread 0x000002147feedc70 DEOPT UNPACKING pc=0x000002146b832b43 sp=0x000000d302afc010 mode 0

Classes unloaded (0 events):
No events

Classes redefined (0 events):
No events

Internal exceptions (20 events):
Event: 0.991 Thread 0x0000021463f67e50 Exception <a 'java/lang/ClassNotFoundException'{0x00000000c59834d8}: ToolTip> (0x00000000c59834d8) 
thrown [s\open\src\hotspot\share\classfile\systemDictionary.cpp, line 256]
Event: 0.993 Thread 0x0000021463f67e50 Exception <a 'java/lang/ClassNotFoundException'{0x00000000c5983e28}: Tree> (0x00000000c5983e28) 
thrown [s\open\src\hotspot\share\classfile\systemDictionary.cpp, line 256]
Event: 0.994 Thread 0x0000021463f67e50 Exception <a 'java/lang/ClassNotFoundException'{0x00000000c5984320}: Tree> (0x00000000c5984320) 
thrown [s\open\src\hotspot\share\classfile\systemDictionary.cpp, line 256]
Event: 0.994 Thread 0x0000021463f67e50 Exception <a 'java/lang/ClassNotFoundException'{0x00000000c5984690}: javax/swing/JTreeCell> (0x00000000c5984690) 
thrown [s\open\src\hotspot\share\classfile\systemDictionary.cpp, line 256]
Event: 0.994 Thread 0x0000021463f67e50 Exception <a 'java/lang/ClassNotFoundException'{0x00000000c5984990}: TreeCell> (0x00000000c5984990) 
thrown [s\open\src\hotspot\share\classfile\systemDictionary.cpp, line 256]
Event: 0.994 Thread 0x0000021463f67e50 Exception <a 'java/lang/ClassNotFoundException'{0x00000000c5985150}: RootPane> (0x00000000c5985150) 
thrown [s\open\src\hotspot\share\classfile\systemDictionary.cpp, line 256]
Event: 0.999 Thread 0x0000021463f67e50 Exception <a 'java/lang/ClassNotFoundException'{0x00000000c59881f0}: com/sun/swing/internal/plaf/metal/resources/spi/metalProvider> (0x00000000c59881f0) 
thrown [s\open\src\hotspot\share\classfile\systemDictionary.cpp, line 256]
Event: 1.001 Thread 0x0000021463f67e50 Exception <a 'java/lang/ClassNotFoundException'{0x00000000c598bda0}: com/sun/swing/internal/plaf/basic/resources/spi/basicProvider> (0x00000000c598bda0) 
thrown [s\open\src\hotspot\share\classfile\systemDictionary.cpp, line 256]
Event: 1.059 Thread 0x000002147feedc70 Exception <a 'java/lang/ClassNotFoundException'{0x00000000c58152a0}: com/sun/swing/internal/plaf/synth/resources/spi/synthProvider> (0x00000000c58152a0) 
thrown [s\open\src\hotspot\share\classfile\systemDictionary.cpp, line 256]
Event: 1.213 Thread 0x000002147feedc70 Implicit null exception at 0x00000214732d010f to 0x00000214732d0189
Event: 1.865 Thread 0x000002147ff4b060 Exception <a 'java/lang/NoSuchMethodError'{0x00000000c56fc798}: 'java.lang.Object java.lang.invoke.DirectMethodHandle$Holder.newInvokeSpecial(java.lang.Object, java.lang.Object, java.lang.Object, int, int, int, int, int)'> (0x00000000c56fc798) 
thrown [s\open\src\hotspot\share\interpreter\linkResolver.cpp, line 759]
Event: 1.971 Thread 0x000002147feedc70 Exception <a 'java/lang/NoSuchMethodError'{0x00000000c554e6d0}: 'void java.lang.invoke.DirectMethodHandle$Holder.invokeStatic(java.lang.Object, java.lang.Object, java.lang.Object)'> (0x00000000c554e6d0) 
thrown [s\open\src\hotspot\share\interpreter\linkResolver.cpp, line 759]
Event: 1.973 Thread 0x000002147feedc70 Exception <a 'java/lang/NoSuchMethodError'{0x00000000c5554c00}: 'void java.lang.invoke.DirectMethodHandle$Holder.invokeStatic(java.lang.Object, java.lang.Object)'> (0x00000000c5554c00) 
thrown [s\open\src\hotspot\share\interpreter\linkResolver.cpp, line 759]
Event: 3.395 Thread 0x000002147feedc70 Exception <a 'java/lang/NoSuchMethodError'{0x00000000c5487bb8}: 'void java.lang.invoke.DirectMethodHandle$Holder.invokeStaticInit(java.lang.Object)'> (0x00000000c5487bb8) 
thrown [s\open\src\hotspot\share\interpreter\linkResolver.cpp, line 759]
Event: 3.517 Thread 0x000002147fe5bad0 Exception <a 'java/lang/NoSuchMethodError'{0x00000000c5bd7f10}: 'void java.lang.invoke.DirectMethodHandle$Holder.invokeVirtual(java.lang.Object, java.lang.Object)'> (0x00000000c5bd7f10) 
thrown [s\open\src\hotspot\share\interpreter\linkResolver.cpp, line 759]
Event: 10.032 Thread 0x000002147feedc70 Implicit null exception at 0x000002147333364e to 0x0000021473333c1a
Event: 10.032 Thread 0x000002147feedc70 Implicit null exception at 0x0000021473329b48 to 0x000002147332a103
Event: 10.033 Thread 0x000002147feedc70 Implicit null exception at 0x000002147333364e to 0x0000021473333c1a
Event: 10.033 Thread 0x000002147feedc70 Implicit null exception at 0x0000021473329b48 to 0x000002147332a103
Event: 10.033 Thread 0x000002147feedc70 Implicit null exception at 0x000002147333364e to 0x0000021473333c1a

VM Operations (20 events):
Event: 5.034 Executing VM operation: Cleanup
Event: 5.034 Executing VM operation: Cleanup done
Event: 6.043 Executing VM operation: Cleanup
Event: 6.043 Executing VM operation: Cleanup done
Event: 7.051 Executing VM operation: Cleanup
Event: 7.051 Executing VM operation: Cleanup done
Event: 9.066 Executing VM operation: Cleanup
Event: 9.066 Executing VM operation: Cleanup done
Event: 10.067 Executing VM operation: G1CollectForAllocation
Event: 10.074 Executing VM operation: G1CollectForAllocation done
Event: 11.085 Executing VM operation: Cleanup
Event: 11.085 Executing VM operation: Cleanup done
Event: 12.096 Executing VM operation: Cleanup
Event: 12.096 Executing VM operation: Cleanup done
Event: 13.104 Executing VM operation: Cleanup
Event: 13.104 Executing VM operation: Cleanup done
Event: 14.110 Executing VM operation: Cleanup
Event: 14.110 Executing VM operation: Cleanup done
Event: 15.115 Executing VM operation: Cleanup
Event: 15.115 Executing VM operation: Cleanup done

Events (20 events):
Event: 10.015 loading class javax/swing/RepaintManager$3
Event: 10.015 loading class javax/swing/RepaintManager$3 done
Event: 10.035 loading class java/awt/geom/RectIterator
Event: 10.035 loading class java/awt/geom/RectIterator done
Event: 10.052 loading class sun/awt/UngrabEvent
Event: 10.052 loading class sun/awt/UngrabEvent done
Event: 10.878 loading class javax/swing/Autoscroller
Event: 10.878 loading class javax/swing/Autoscroller done
Event: 10.879 loading class javax/swing/event/CaretListener
Event: 10.879 loading class javax/swing/event/CaretListener done
Event: 10.882 loading class javax/swing/plaf/basic/BasicPopupMenuUI$MouseGrabber$2
Event: 10.882 loading class javax/swing/plaf/basic/BasicPopupMenuUI$MouseGrabber$2 done
Event: 12.838 loading class javax/swing/text/GapContent$RemoveUndo
Event: 12.839 loading class javax/swing/text/GapContent$RemoveUndo done
Event: 12.839 loading class javax/swing/text/GapContent$UndoPosRef
Event: 12.839 loading class javax/swing/text/GapContent$UndoPosRef done
Event: 12.839 loading class javax/swing/event/ListDataEvent
Event: 12.840 loading class javax/swing/event/ListDataEvent done
Event: 12.840 loading class java/awt/event/ItemEvent
Event: 12.840 loading class java/awt/event/ItemEvent done


Dynamic libraries:
0x00007ff6c6090000 - 0x00007ff6c60a0000 	C:\Program Files\Java\jdk-17.0.5\bin\java.exe
0x00007ffed3c30000 - 0x00007ffed3e44000 	C:\WINDOWS\SYSTEM32\ntdll.dll
0x00007ffed24e0000 - 0x00007ffed25a2000 	C:\WINDOWS\System32\KERNEL32.DLL
0x00007ffed1190000 - 0x00007ffed1533000 	C:\WINDOWS\System32\KERNELBASE.dll
0x00007ffed1770000 - 0x00007ffed1881000 	C:\WINDOWS\System32\ucrtbase.dll
0x00007ffec9b40000 - 0x00007ffec9b58000 	C:\Program Files\Java\jdk-17.0.5\bin\jli.dll
0x00007ffed1c30000 - 0x00007ffed1cde000 	C:\WINDOWS\System32\ADVAPI32.dll
0x00007ffed2b00000 - 0x00007ffed2ba7000 	C:\WINDOWS\System32\msvcrt.dll
0x00007ffed3020000 - 0x00007ffed30c4000 	C:\WINDOWS\System32\sechost.dll
0x00007ffed1a60000 - 0x00007ffed1b77000 	C:\WINDOWS\System32\RPCRT4.dll
0x00007ffed30d0000 - 0x00007ffed327b000 	C:\WINDOWS\System32\USER32.dll
0x00007ffed1050000 - 0x00007ffed1076000 	C:\WINDOWS\System32\win32u.dll
0x00007ffed3280000 - 0x00007ffed32a9000 	C:\WINDOWS\System32\GDI32.dll
0x00007ffed1910000 - 0x00007ffed1a28000 	C:\WINDOWS\System32\gdi32full.dll
0x00007ffed10f0000 - 0x00007ffed118a000 	C:\WINDOWS\System32\msvcp_win.dll
0x00007ffeb4c70000 - 0x00007ffeb4c8a000 	C:\Program Files\Java\jdk-17.0.5\bin\VCRUNTIME140.dll
0x00007ffebb6a0000 - 0x00007ffebb92e000 	C:\WINDOWS\WinSxS\amd64_microsoft.windows.common-controls_6595b64144ccf1df_6.0.22621.1635_none_270f70857386168e\COMCTL32.dll
0x00007ffebd590000 - 0x00007ffebd59a000 	C:\WINDOWS\SYSTEM32\VERSION.dll
0x00007ffed2a30000 - 0x00007ffed2a61000 	C:\WINDOWS\System32\IMM32.DLL
0x00007ffec9930000 - 0x00007ffec993c000 	C:\Program Files\Java\jdk-17.0.5\bin\vcruntime140_1.dll
0x00007ffea0390000 - 0x00007ffea041d000 	C:\Program Files\Java\jdk-17.0.5\bin\msvcp140.dll
0x00007ffe87530000 - 0x00007ffe880f2000 	C:\Program Files\Java\jdk-17.0.5\bin\server\jvm.dll
0x00007ffed3940000 - 0x00007ffed3948000 	C:\WINDOWS\System32\PSAPI.DLL
0x00007ffebbba0000 - 0x00007ffebbba9000 	C:\WINDOWS\SYSTEM32\WSOCK32.dll
0x00007ffed38c0000 - 0x00007ffed3931000 	C:\WINDOWS\System32\WS2_32.dll
0x00007ffec8900000 - 0x00007ffec8934000 	C:\WINDOWS\SYSTEM32\WINMM.dll
0x00007ffed00a0000 - 0x00007ffed00b8000 	C:\WINDOWS\SYSTEM32\kernel.appcore.dll
0x00007ffec3290000 - 0x00007ffec329a000 	C:\Program Files\Java\jdk-17.0.5\bin\jimage.dll
0x00007ffebbcd0000 - 0x00007ffebbefe000 	C:\WINDOWS\SYSTEM32\DBGHELP.DLL
0x00007ffed2c90000 - 0x00007ffed3019000 	C:\WINDOWS\System32\combase.dll
0x00007ffed32b0000 - 0x00007ffed3387000 	C:\WINDOWS\System32\OLEAUT32.dll
0x00007ffebb570000 - 0x00007ffebb5a2000 	C:\WINDOWS\SYSTEM32\dbgcore.DLL
0x00007ffed1890000 - 0x00007ffed190b000 	C:\WINDOWS\System32\bcryptPrimitives.dll
0x00007ffeb4c00000 - 0x00007ffeb4c25000 	C:\Program Files\Java\jdk-17.0.5\bin\java.dll
0x00007ffe9e0b0000 - 0x00007ffe9e186000 	C:\Program Files\Java\jdk-17.0.5\bin\jsvml.dll
0x00007ffed1ce0000 - 0x00007ffed24da000 	C:\WINDOWS\System32\SHELL32.dll
0x00007ffecf050000 - 0x00007ffecf91e000 	C:\WINDOWS\SYSTEM32\windows.storage.dll
0x00007ffecef10000 - 0x00007ffecf04e000 	C:\WINDOWS\SYSTEM32\wintypes.dll
0x00007ffed37c0000 - 0x00007ffed38b1000 	C:\WINDOWS\System32\SHCORE.dll
0x00007ffed33a0000 - 0x00007ffed33fe000 	C:\WINDOWS\System32\shlwapi.dll
0x00007ffed0f80000 - 0x00007ffed0fa1000 	C:\WINDOWS\SYSTEM32\profapi.dll
0x00007ffeb4be0000 - 0x00007ffeb4bf9000 	C:\Program Files\Java\jdk-17.0.5\bin\net.dll
0x00007ffec86d0000 - 0x00007ffec8807000 	C:\WINDOWS\SYSTEM32\WINHTTP.dll
0x00007ffed0510000 - 0x00007ffed0579000 	C:\WINDOWS\system32\mswsock.dll
0x00007ffeb4bc0000 - 0x00007ffeb4bd6000 	C:\Program Files\Java\jdk-17.0.5\bin\nio.dll
0x00007ffeb4ba0000 - 0x00007ffeb4bb8000 	C:\Program Files\Java\jdk-17.0.5\bin\zip.dll
0x00007ffe9df20000 - 0x00007ffe9e0af000 	C:\Program Files\Java\jdk-17.0.5\bin\awt.dll
0x00007ffece470000 - 0x00007ffece507000 	C:\WINDOWS\SYSTEM32\apphelp.dll
0x00007ffece660000 - 0x00007ffece70b000 	C:\WINDOWS\system32\uxtheme.dll
0x00007ffed3ad0000 - 0x00007ffed3bee000 	C:\WINDOWS\System32\MSCTF.dll
0x00007ffed3620000 - 0x00007ffed37bc000 	C:\WINDOWS\System32\ole32.dll
0x00007ffece8c0000 - 0x00007ffece8eb000 	C:\WINDOWS\system32\DWMAPI.DLL
0x00007ffe9a220000 - 0x00007ffe9a2a6000 	C:\Program Files\Java\jdk-17.0.5\bin\freetype.dll
0x00007ffe9a150000 - 0x00007ffe9a215000 	C:\Program Files\Java\jdk-17.0.5\bin\fontmanager.dll
0x00007ffe9de20000 - 0x00007ffe9df20000 	C:\WINDOWS\system32\opengl32.dll
0x00007ffeb4b70000 - 0x00007ffeb4b9d000 	C:\WINDOWS\SYSTEM32\GLU32.dll
0x00007ffece760000 - 0x00007ffece796000 	C:\WINDOWS\SYSTEM32\dxcore.dll
0x00007ffed1b80000 - 0x00007ffed1c30000 	C:\WINDOWS\System32\clbcatq.dll
0x00007ffeccc80000 - 0x00007ffecce30000 	C:\WINDOWS\SYSTEM32\WindowsCodecs.dll
0x00007ffeb8aa0000 - 0x00007ffeb8afe000 	C:\WINDOWS\system32\dataexchange.dll
0x00007ffec9200000 - 0x00007ffec9477000 	C:\WINDOWS\system32\twinapi.appcore.dll
0x00007ffebb330000 - 0x00007ffebb45d000 	C:\WINDOWS\SYSTEM32\textinputframework.dll
0x00007ffece080000 - 0x00007ffece1b3000 	C:\WINDOWS\SYSTEM32\CoreMessaging.dll
0x00007ffecae40000 - 0x00007ffecb1ac000 	C:\WINDOWS\SYSTEM32\CoreUIComponents.dll
0x00007ffed0790000 - 0x00007ffed079c000 	C:\WINDOWS\SYSTEM32\CRYPTBASE.DLL

dbghelp: loaded successfully - version: 4.0.5 - missing functions: none
symbol engine: initialized successfully - sym options: 0x614 - pdb path: .;C:\Program Files\Java\jdk-17.0.5\bin;C:\WINDOWS\SYSTEM32;C:\WINDOWS\WinSxS\amd64_microsoft.windows.common-controls_6595b64144ccf1df_6.0.22621.1635_none_270f70857386168e;C:\Program Files\Java\jdk-17.0.5\bin\server

VM Arguments:
jvm_args: -Dfile.encoding=UTF-8 --module-path=D:\NetBeansProjects\Student_Mangement_System\build\classes 
java_command: Main_Gui.Home
java_class_path (initial): D:\NetBeansProjects\Student_Mangement_System\lib\absolutelayout\AbsoluteLayout.jar;D:\NetBeansProjects\Student_Mangement_System\build\classes
Launcher Type: SUN_STANDARD

[Global flags]
     intx CICompilerCount                          = 3                                         {product} {ergonomic}
     uint ConcGCThreads                            = 1                                         {product} {ergonomic}
     uint G1ConcRefinementThreads                  = 4                                         {product} {ergonomic}
   size_t G1HeapRegionSize                         = 1048576                                   {product} {ergonomic}
    uintx GCDrainStackTargetSize                   = 64                                        {product} {ergonomic}
   size_t InitialHeapSize                          = 67108864                                  {product} {ergonomic}
   size_t MarkStackSize                            = 4194304                                   {product} {ergonomic}
   size_t MaxHeapSize                              = 1042284544                                {product} {ergonomic}
   size_t MaxNewSize                               = 624951296                                 {product} {ergonomic}
   size_t MinHeapDeltaBytes                        = 1048576                                   {product} {ergonomic}
   size_t MinHeapSize                              = 8388608                                   {product} {ergonomic}
    uintx NonNMethodCodeHeapSize                   = 5832780                                {pd product} {ergonomic}
    uintx NonProfiledCodeHeapSize                  = 122912730                              {pd product} {ergonomic}
    uintx ProfiledCodeHeapSize                     = 122912730                              {pd product} {ergonomic}
    uintx ReservedCodeCacheSize                    = 251658240                              {pd product} {ergonomic}
     bool SegmentedCodeCache                       = true                                      {product} {ergonomic}
   size_t SoftMaxHeapSize                          = 1042284544                             {manageable} {ergonomic}
     bool UseCompressedClassPointers               = true                           {product lp64_product} {ergonomic}
     bool UseCompressedOops                        = true                           {product lp64_product} {ergonomic}
     bool UseG1GC                                  = true                                      {product} {ergonomic}
     bool UseLargePagesIndividualAllocation        = false                                  {pd product} {ergonomic}

Logging:
Log output configuration:
 #0: stdout all=warning uptime,level,tags
 #1: stderr all=off uptime,level,tags

Environment Variables:
JAVA_HOME=C:\Program Files\Microsoft\jdk-11.0.17.8-hotspot
PATH=C:\Program Files (x86)\Common Files\Oracle\Java\javapath;C:\Program Files\Microsoft\jdk-11.0.17.8-hotspot\bin;C:\Python311\Scripts\;C:\Python311\;C:\Program Files\Common Files\Oracle\Java\javapath;C:\WINDOWS\system32;C:\WINDOWS;C:\WINDOWS\System32\Wbem;C:\WINDOWS\System32\WindowsPowerShell\v1.0\;C:\WINDOWS\System32\OpenSSH\;C:\Program Files\nodejs\;C:\ProgramData\chocolatey\bin;C:\xampp\php;C:\ProgramData\ComposerSetup\bin;C:\Program Files\dotnet\;C:\Program Files\MySQL\MySQL Shell 8.0\bin\;C:\Users\sanch\AppData\Local\Microsoft\WindowsApps;C:\Users\sanch\AppData\Local\Programs\Microsoft VS Code\bin;C:\Users\sanch\AppData\Roaming\npm;C:\Program Files\Microsoft\jdk-11.0.17.8-hotspot;C:\Users\sanch\AppData\Local\Android\Sdk\platform-tools;C:\Users\sanch\AppData\Roaming\Composer\vendor\bin;
USERNAME=sanch
OS=Windows_NT
PROCESSOR_IDENTIFIER=Intel64 Family 6 Model 142 Stepping 9, GenuineIntel



---------------  S Y S T E M  ---------------

OS:
 Windows 11 , 64 bit Build 22621 (10.0.22621.1635)
OS uptime: 17 days 21:05 hours

CPU: total 4 (initial active 4) (2 cores per cpu, 2 threads per core) family 6 model 142 stepping 9 microcode 0xde, cx8, cmov, fxsr, ht, mmx, 3dnowpref, sse, sse2, sse3, ssse3, sse4.1, sse4.2, popcnt, lzcnt, tsc, tscinvbit, avx, avx2, aes, erms, clmul, bmi1, bmi2, adx, fma, vzeroupper, clflush, clflushopt

Memory: 4k page, system-wide physical 3973M (273M free)
TotalPageFile size 16261M (AvailPageFile size 4M)
current process WorkingSet (physical memory assigned to process): 90M, peak: 93M
current process commit charge ("private bytes"): 162M, peak: 165M

vm_info: Java HotSpot(TM) 64-Bit Server VM (17.0.5+9-LTS-191) for windows-amd64 JRE (17.0.5+9-LTS-191), built on Sep 13 2022 17:31:43 by "mach5one" with MS VC++ 16.8 / 16.9 (VS2019)

END.
